2017.12.13 at 16:54:31 CST INFO  org.springframework.boot.StartupInfoLogger logStarting() @48 - Starting DroolsSpringbootApplication on LAPTOP-8HF1B8NC with PID 10440 (C:\sts\drools-jmm\target\classes started by biris in C:\sts\drools-jmm)
2017.12.13 at 16:54:31 CST INFO  org.springframework.boot.SpringApplication logStartupProfileInfo() @661 - No active profile set, falling back to default profiles: default
2017.12.13 at 16:54:31 CST INFO  org.springframework.context.support.AbstractApplicationContext prepareRefresh() @582 - Refreshing org.springframework.boot.context.embedded.AnnotationConfigEmbeddedWebApplicationContext@72ade7e3: startup date [Wed Dec 13 16:54:31 CST 2017]; root of context hierarchy
2017.12.13 at 16:54:32 CST INFO  org.springframework.beans.factory.support.DefaultListableBeanFactory registerBeanDefinition() @826 - Overriding bean definition for bean 'filterRegistrationBean' with a different definition: replacing [Root bean: class [null]; scope=; abstract=false; lazyInit=false; autowireMode=3; dependencyCheck=0; autowireCandidate=true; primary=false; factoryBeanName=druidConfig; factoryMethodName=filterRegistrationBean; initMethodName=null; destroyMethodName=(inferred); defined in class path resource [com/jmm/drools/config/DruidConfig.class]] with [Root bean: class [null]; scope=; abstract=false; lazyInit=false; autowireMode=3; dependencyCheck=0; autowireCandidate=true; primary=false; factoryBeanName=com.alibaba.druid.spring.boot.autoconfigure.DruidWebStatFilterConfiguration; factoryMethodName=filterRegistrationBean; initMethodName=null; destroyMethodName=(inferred); defined in class path resource [com/alibaba/druid/spring/boot/autoconfigure/DruidWebStatFilterConfiguration.class]]
2017.12.13 at 16:54:33 CST INFO  org.springframework.context.support.PostProcessorRegistrationDelegate$BeanPostProcessorChecker postProcessAfterInitialization() @325 - Bean 'org.springframework.transaction.annotation.ProxyTransactionManagementConfiguration' of type [class org.springframework.transaction.annotation.ProxyTransactionManagementConfiguration$$EnhancerBySpringCGLIB$$2c5aced7] is not eligible for getting processed by all BeanPostProcessors (for example: not eligible for auto-proxying)
2017.12.13 at 16:54:33 CST INFO  org.xnio.Xnio <clinit>() @99 - XNIO version 3.3.6.Final
2017.12.13 at 16:54:33 CST INFO  org.xnio.nio.NioXnio <clinit>() @55 - XNIO NIO Implementation Version 3.3.6.Final
2017.12.13 at 16:54:33 CST WARN  io.undertow.websockets.jsr.Bootstrap handleDeployment() @67 - UT026009: XNIO worker was not set on WebSocketDeploymentInfo, the default worker will be used
2017.12.13 at 16:54:33 CST WARN  io.undertow.websockets.jsr.Bootstrap handleDeployment() @76 - UT026010: Buffer pool was not set on WebSocketDeploymentInfo, the default pool will be used
2017.12.13 at 16:54:33 CST INFO  io.undertow.servlet.spec.ServletContextImpl log() @313 - Initializing Spring embedded WebApplicationContext
2017.12.13 at 16:54:33 CST INFO  org.springframework.boot.context.embedded.EmbeddedWebApplicationContext prepareEmbeddedWebApplicationContext() @276 - Root WebApplicationContext: initialization completed in 1903 ms
2017.12.13 at 16:54:34 CST INFO  org.springframework.boot.web.servlet.ServletRegistrationBean onStartup() @190 - Mapping servlet: 'statViewServlet' to [/druid/*]
2017.12.13 at 16:54:34 CST INFO  org.springframework.boot.web.servlet.ServletRegistrationBean onStartup() @190 - Mapping servlet: 'dispatcherServlet' to [/]
2017.12.13 at 16:54:34 CST INFO  org.springframework.boot.web.servlet.ServletRegistrationBean onStartup() @190 - Mapping servlet: 'statViewServlet' to [/druid/*]
2017.12.13 at 16:54:34 CST INFO  org.springframework.boot.web.servlet.ServletRegistrationBean onStartup() @193 - Servlet statViewServlet was not registered (possibly already registered?)
2017.12.13 at 16:54:34 CST INFO  org.springframework.boot.web.servlet.AbstractFilterRegistrationBean configure() @258 - Mapping filter: 'metricsFilter' to: [/*]
2017.12.13 at 16:54:34 CST INFO  org.springframework.boot.web.servlet.AbstractFilterRegistrationBean configure() @258 - Mapping filter: 'characterEncodingFilter' to: [/*]
2017.12.13 at 16:54:34 CST INFO  org.springframework.boot.web.servlet.AbstractFilterRegistrationBean configure() @258 - Mapping filter: 'hiddenHttpMethodFilter' to: [/*]
2017.12.13 at 16:54:34 CST INFO  org.springframework.boot.web.servlet.AbstractFilterRegistrationBean configure() @258 - Mapping filter: 'httpPutFormContentFilter' to: [/*]
2017.12.13 at 16:54:34 CST INFO  org.springframework.boot.web.servlet.AbstractFilterRegistrationBean configure() @258 - Mapping filter: 'requestContextFilter' to: [/*]
2017.12.13 at 16:54:34 CST INFO  org.springframework.boot.web.servlet.AbstractFilterRegistrationBean configure() @258 - Mapping filter: 'webRequestLoggingFilter' to: [/*]
2017.12.13 at 16:54:34 CST INFO  org.springframework.boot.web.servlet.AbstractFilterRegistrationBean configure() @271 - Mapping filter: 'webStatFilter' to urls: [/*]
2017.12.13 at 16:54:34 CST INFO  org.springframework.boot.web.servlet.AbstractFilterRegistrationBean configure() @258 - Mapping filter: 'applicationContextIdFilter' to: [/*]
2017.12.13 at 16:54:35 CST INFO  com.alibaba.druid.support.logging.Log4j2Impl info() @106 - {dataSource-1} inited
2017.12.13 at 16:54:36 CST INFO  org.springframework.web.servlet.handler.AbstractHandlerMethodMapping$MappingRegistry register() @543 - Mapped "{[/promotion/deletePromotion],methods=[POST],produces=[application/json;charset=UTF-8]}" onto public com.jmm.drools.common.exception.JsonResponse com.jmm.drools.web.PromotionController.deletePromotion(com.jmm.drools.bean.PromotionDelete)
2017.12.13 at 16:54:36 CST INFO  org.springframework.web.servlet.handler.AbstractHandlerMethodMapping$MappingRegistry register() @543 - Mapped "{[/promotion/getPromotionInfoListCount],methods=[POST],produces=[application/json;charset=UTF-8]}" onto public com.jmm.drools.common.exception.JsonResponse com.jmm.drools.web.PromotionController.getPromotionInfoListCount(com.jmm.drools.vo.ConditionVo)
2017.12.13 at 16:54:36 CST INFO  org.springframework.web.servlet.handler.AbstractHandlerMethodMapping$MappingRegistry register() @543 - Mapped "{[/promotion/changePromotionStatus],methods=[POST],produces=[application/json;charset=UTF-8]}" onto public com.jmm.drools.common.exception.JsonResponse com.jmm.drools.web.PromotionController.changePromotionStatus(int,java.lang.String)
2017.12.13 at 16:54:36 CST INFO  org.springframework.web.servlet.handler.AbstractHandlerMethodMapping$MappingRegistry register() @543 - Mapped "{[/promotion/promotionInfoList],methods=[POST],produces=[application/json;charset=UTF-8]}" onto public com.jmm.drools.common.exception.JsonResponse com.jmm.drools.web.PromotionController.promotionInfoList(com.jmm.drools.vo.ConditionVo)
2017.12.13 at 16:54:36 CST INFO  org.springframework.web.servlet.handler.AbstractHandlerMethodMapping$MappingRegistry register() @543 - Mapped "{[/promotion/mgrpromotionInfoList],methods=[GET],produces=[application/json;charset=UTF-8]}" onto public com.jmm.drools.common.exception.JsonResponse com.jmm.drools.web.PromotionController.mgrpromotionInfoList(java.util.List<java.lang.String>,java.lang.String)
2017.12.13 at 16:54:36 CST INFO  org.springframework.web.servlet.handler.AbstractHandlerMethodMapping$MappingRegistry register() @543 - Mapped "{[/promotion/approvalPromotion],methods=[POST],produces=[application/json;charset=UTF-8]}" onto public com.jmm.drools.common.exception.JsonResponse com.jmm.drools.web.PromotionController.approvalPromotion(com.jmm.drools.vo.ApprovePromotionVo)
2017.12.13 at 16:54:36 CST INFO  org.springframework.web.servlet.handler.AbstractHandlerMethodMapping$MappingRegistry register() @543 - Mapped "{[/promotion/addPromotion],methods=[POST],produces=[application/json;charset=UTF-8]}" onto public com.jmm.drools.common.exception.JsonResponse com.jmm.drools.web.PromotionController.ruleAddPromotion(com.jmm.drools.vo.PromotionVo)
2017.12.13 at 16:54:36 CST INFO  org.springframework.web.servlet.handler.AbstractHandlerMethodMapping$MappingRegistry register() @543 - Mapped "{[/promotion/promotionInfo],methods=[GET],produces=[application/json;charset=UTF-8]}" onto public com.jmm.drools.common.exception.JsonResponse com.jmm.drools.web.PromotionController.promotionInfo(java.lang.String,java.lang.String)
2017.12.13 at 16:54:36 CST INFO  org.springframework.web.servlet.handler.AbstractHandlerMethodMapping$MappingRegistry register() @543 - Mapped "{[/promotion/promotionEdit],methods=[POST],produces=[application/json;charset=UTF-8]}" onto public com.jmm.drools.common.exception.JsonResponse com.jmm.drools.web.PromotionController.promotionEdit(com.jmm.drools.vo.SubPromotionEdit)
2017.12.13 at 16:54:36 CST INFO  org.springframework.web.servlet.handler.AbstractHandlerMethodMapping$MappingRegistry register() @543 - Mapped "{[/promotion/orderResult],methods=[POST],produces=[application/json;charset=UTF-8]}" onto public com.jmm.drools.common.exception.JsonResponse com.jmm.drools.web.PromotionController.getOrderResult(com.jmm.drools.bean.Order)
2017.12.13 at 16:54:36 CST INFO  org.springframework.web.servlet.handler.AbstractHandlerMethodMapping$MappingRegistry register() @543 - Mapped "{[/promotion/promotionIdInfo],methods=[GET],produces=[application/json;charset=UTF-8]}" onto public com.jmm.drools.common.exception.JsonResponse com.jmm.drools.web.PromotionController.promotionIdInfo(java.lang.String,java.lang.String,java.lang.String)
2017.12.13 at 16:54:36 CST INFO  org.springframework.web.servlet.handler.AbstractHandlerMethodMapping$MappingRegistry register() @543 - Mapped "{[/rules/delete],methods=[POST],produces=[application/json;charset=UTF-8]}" onto public com.jmm.drools.common.exception.JsonResponse com.jmm.drools.web.RulesController.delete(java.lang.Integer)
2017.12.13 at 16:54:36 CST INFO  org.springframework.web.servlet.handler.AbstractHandlerMethodMapping$MappingRegistry register() @543 - Mapped "{[/rules/result],methods=[POST],produces=[application/json;charset=UTF-8]}" onto public com.jmm.drools.common.exception.JsonResponse com.jmm.drools.web.RulesController.getResult(java.lang.Integer,java.lang.String)
2017.12.13 at 16:54:36 CST INFO  org.springframework.web.servlet.handler.AbstractHandlerMethodMapping$MappingRegistry register() @543 - Mapped "{[/rules/verify],methods=[POST],produces=[application/json;charset=UTF-8]}" onto public com.jmm.drools.common.exception.JsonResponse com.jmm.drools.web.RulesController.ruleVerify(java.lang.String,java.lang.String)
2017.12.13 at 16:54:36 CST INFO  org.springframework.web.servlet.handler.AbstractHandlerMethodMapping$MappingRegistry register() @543 - Mapped "{[/rules/getRuleXls],methods=[POST],produces=[application/json;charset=UTF-8]}" onto public com.jmm.drools.common.exception.JsonResponse com.jmm.drools.web.RulesController.getRuleXls(org.springframework.web.multipart.MultipartFile) throws java.io.IOException
2017.12.13 at 16:54:36 CST INFO  org.springframework.web.servlet.handler.AbstractHandlerMethodMapping$MappingRegistry register() @543 - Mapped "{[/rules/list],methods=[POST],produces=[application/json;charset=UTF-8]}" onto public com.jmm.drools.common.exception.JsonResponse com.jmm.drools.web.RulesController.getRuleList()
2017.12.13 at 16:54:36 CST INFO  org.springframework.web.servlet.handler.AbstractHandlerMethodMapping$MappingRegistry register() @543 - Mapped "{[/rules/add],methods=[POST],produces=[application/json;charset=UTF-8]}" onto public com.jmm.drools.common.exception.JsonResponse com.jmm.drools.web.RulesController.ruleAdd(java.lang.String,java.lang.String)
2017.12.13 at 16:54:36 CST INFO  org.springframework.web.servlet.handler.AbstractHandlerMethodMapping$MappingRegistry register() @543 - Mapped "{[/rules/ruleUpdate],methods=[POST],produces=[application/json;charset=UTF-8]}" onto public com.jmm.drools.common.exception.JsonResponse com.jmm.drools.web.RulesController.ruleUpdate(java.lang.String,java.lang.Integer,java.lang.String)
2017.12.13 at 16:54:36 CST INFO  org.springframework.web.servlet.handler.AbstractHandlerMethodMapping$MappingRegistry register() @543 - Mapped "{[/v2/api-docs],methods=[GET],produces=[application/json || application/hal+json]}" onto public org.springframework.http.ResponseEntity<springfox.documentation.spring.web.json.Json> springfox.documentation.swagger2.web.Swagger2Controller.getDocumentation(java.lang.String,javax.servlet.http.HttpServletRequest)
2017.12.13 at 16:54:36 CST INFO  org.springframework.web.servlet.handler.AbstractHandlerMethodMapping$MappingRegistry register() @543 - Mapped "{[/swagger-resources]}" onto org.springframework.http.ResponseEntity<java.util.List<springfox.documentation.swagger.web.SwaggerResource>> springfox.documentation.swagger.web.ApiResourceController.swaggerResources()
2017.12.13 at 16:54:36 CST INFO  org.springframework.web.servlet.handler.AbstractHandlerMethodMapping$MappingRegistry register() @543 - Mapped "{[/swagger-resources/configuration/ui]}" onto org.springframework.http.ResponseEntity<springfox.documentation.swagger.web.UiConfiguration> springfox.documentation.swagger.web.ApiResourceController.uiConfiguration()
2017.12.13 at 16:54:36 CST INFO  org.springframework.web.servlet.handler.AbstractHandlerMethodMapping$MappingRegistry register() @543 - Mapped "{[/swagger-resources/configuration/security]}" onto org.springframework.http.ResponseEntity<springfox.documentation.swagger.web.SecurityConfiguration> springfox.documentation.swagger.web.ApiResourceController.securityConfiguration()
2017.12.13 at 16:54:36 CST INFO  org.springframework.web.servlet.handler.AbstractHandlerMethodMapping$MappingRegistry register() @543 - Mapped "{[/error]}" onto public org.springframework.http.ResponseEntity<java.util.Map<java.lang.String, java.lang.Object>> org.springframework.boot.autoconfigure.web.BasicErrorController.error(javax.servlet.http.HttpServletRequest)
2017.12.13 at 16:54:36 CST INFO  org.springframework.web.servlet.handler.AbstractHandlerMethodMapping$MappingRegistry register() @543 - Mapped "{[/error],produces=[text/html]}" onto public org.springframework.web.servlet.ModelAndView org.springframework.boot.autoconfigure.web.BasicErrorController.errorHtml(javax.servlet.http.HttpServletRequest,javax.servlet.http.HttpServletResponse)
2017.12.13 at 16:54:36 CST INFO  org.springframework.web.servlet.handler.AbstractHandlerMethodMapping$MappingRegistry register() @543 - Mapped "{[/info || /info.json],methods=[GET],produces=[application/json]}" onto public java.lang.Object org.springframework.boot.actuate.endpoint.mvc.EndpointMvcAdapter.invoke()
2017.12.13 at 16:54:36 CST INFO  org.springframework.web.servlet.handler.AbstractHandlerMethodMapping$MappingRegistry register() @543 - Mapped "{[/trace || /trace.json],methods=[GET],produces=[application/json]}" onto public java.lang.Object org.springframework.boot.actuate.endpoint.mvc.EndpointMvcAdapter.invoke()
2017.12.13 at 16:54:36 CST INFO  org.springframework.web.servlet.handler.AbstractHandlerMethodMapping$MappingRegistry register() @543 - Mapped "{[/autoconfig || /autoconfig.json],methods=[GET],produces=[application/json]}" onto public java.lang.Object org.springframework.boot.actuate.endpoint.mvc.EndpointMvcAdapter.invoke()
2017.12.13 at 16:54:36 CST INFO  org.springframework.web.servlet.handler.AbstractHandlerMethodMapping$MappingRegistry register() @543 - Mapped "{[/configprops || /configprops.json],methods=[GET],produces=[application/json]}" onto public java.lang.Object org.springframework.boot.actuate.endpoint.mvc.EndpointMvcAdapter.invoke()
2017.12.13 at 16:54:36 CST INFO  org.springframework.web.servlet.handler.AbstractHandlerMethodMapping$MappingRegistry register() @543 - Mapped "{[/health || /health.json],produces=[application/json]}" onto public java.lang.Object org.springframework.boot.actuate.endpoint.mvc.HealthMvcEndpoint.invoke(java.security.Principal)
2017.12.13 at 16:54:36 CST INFO  org.springframework.web.servlet.handler.AbstractHandlerMethodMapping$MappingRegistry register() @543 - Mapped "{[/metrics/{name:.*}],methods=[GET],produces=[application/json]}" onto public java.lang.Object org.springframework.boot.actuate.endpoint.mvc.MetricsMvcEndpoint.value(java.lang.String)
2017.12.13 at 16:54:36 CST INFO  org.springframework.web.servlet.handler.AbstractHandlerMethodMapping$MappingRegistry register() @543 - Mapped "{[/metrics || /metrics.json],methods=[GET],produces=[application/json]}" onto public java.lang.Object org.springframework.boot.actuate.endpoint.mvc.EndpointMvcAdapter.invoke()
2017.12.13 at 16:54:36 CST INFO  org.springframework.web.servlet.handler.AbstractHandlerMethodMapping$MappingRegistry register() @543 - Mapped "{[/env/{name:.*}],methods=[GET],produces=[application/json]}" onto public java.lang.Object org.springframework.boot.actuate.endpoint.mvc.EnvironmentMvcEndpoint.value(java.lang.String)
2017.12.13 at 16:54:36 CST INFO  org.springframework.web.servlet.handler.AbstractHandlerMethodMapping$MappingRegistry register() @543 - Mapped "{[/env || /env.json],methods=[GET],produces=[application/json]}" onto public java.lang.Object org.springframework.boot.actuate.endpoint.mvc.EndpointMvcAdapter.invoke()
2017.12.13 at 16:54:36 CST INFO  org.springframework.web.servlet.handler.AbstractHandlerMethodMapping$MappingRegistry register() @543 - Mapped "{[/dump || /dump.json],methods=[GET],produces=[application/json]}" onto public java.lang.Object org.springframework.boot.actuate.endpoint.mvc.EndpointMvcAdapter.invoke()
2017.12.13 at 16:54:36 CST INFO  org.springframework.web.servlet.handler.AbstractHandlerMethodMapping$MappingRegistry register() @543 - Mapped "{[/heapdump || /heapdump.json],methods=[GET],produces=[application/octet-stream]}" onto public void org.springframework.boot.actuate.endpoint.mvc.HeapdumpMvcEndpoint.invoke(boolean,javax.servlet.http.HttpServletRequest,javax.servlet.http.HttpServletResponse) throws java.io.IOException,javax.servlet.ServletException
2017.12.13 at 16:54:36 CST INFO  org.springframework.web.servlet.handler.AbstractHandlerMethodMapping$MappingRegistry register() @543 - Mapped "{[/beans || /beans.json],methods=[GET],produces=[application/json]}" onto public java.lang.Object org.springframework.boot.actuate.endpoint.mvc.EndpointMvcAdapter.invoke()
2017.12.13 at 16:54:36 CST INFO  org.springframework.web.servlet.handler.AbstractHandlerMethodMapping$MappingRegistry register() @543 - Mapped "{[/mappings || /mappings.json],methods=[GET],produces=[application/json]}" onto public java.lang.Object org.springframework.boot.actuate.endpoint.mvc.EndpointMvcAdapter.invoke()
2017.12.13 at 16:54:36 CST INFO  org.springframework.web.servlet.mvc.method.annotation.RequestMappingHandlerAdapter initControllerAdviceCache() @534 - Looking for @ControllerAdvice: org.springframework.boot.context.embedded.AnnotationConfigEmbeddedWebApplicationContext@72ade7e3: startup date [Wed Dec 13 16:54:31 CST 2017]; root of context hierarchy
2017.12.13 at 16:54:36 CST INFO  org.springframework.web.servlet.handler.AbstractUrlHandlerMapping registerHandler() @354 - Mapped URL path [/webjars/**] onto handler of type [class org.springframework.web.servlet.resource.ResourceHttpRequestHandler]
2017.12.13 at 16:54:36 CST INFO  org.springframework.web.servlet.handler.AbstractUrlHandlerMapping registerHandler() @354 - Mapped URL path [/**] onto handler of type [class org.springframework.web.servlet.resource.ResourceHttpRequestHandler]
2017.12.13 at 16:54:36 CST INFO  org.springframework.web.servlet.mvc.method.annotation.ExceptionHandlerExceptionResolver initExceptionHandlerAdviceCache() @273 - Detected @ExceptionHandler methods in promotionControllerAdvice
2017.12.13 at 16:54:36 CST INFO  org.springframework.web.servlet.handler.AbstractUrlHandlerMapping registerHandler() @354 - Mapped URL path [/**/favicon.ico] onto handler of type [class org.springframework.web.servlet.resource.ResourceHttpRequestHandler]
2017.12.13 at 16:54:37 CST INFO  org.springframework.jmx.export.MBeanExporter afterSingletonsInstantiated() @431 - Registering beans for JMX exposure on startup
2017.12.13 at 16:54:37 CST INFO  org.springframework.jmx.export.MBeanExporter autodetect() @916 - Bean with name 'DataSource' has been autodetected for JMX exposure
2017.12.13 at 16:54:37 CST INFO  org.springframework.jmx.export.MBeanExporter registerBeanInstance() @671 - Located MBean 'DataSource': registering with JMX server as MBean [com.alibaba.druid.pool:name=DataSource,type=DruidDataSource]
2017.12.13 at 16:54:37 CST INFO  org.springframework.jmx.export.MBeanExporter afterSingletonsInstantiated() @431 - Registering beans for JMX exposure on startup
2017.12.13 at 16:54:37 CST INFO  org.springframework.context.support.DefaultLifecycleProcessor$LifecycleGroup start() @341 - Starting beans in phase 0
2017.12.13 at 16:54:37 CST INFO  org.springframework.jmx.export.MBeanExporter registerBeanInstance() @678 - Located managed bean 'requestMappingEndpoint': registering with JMX server as MBean [org.springframework.boot:type=Endpoint,name=requestMappingEndpoint]
2017.12.13 at 16:54:37 CST INFO  org.springframework.jmx.export.MBeanExporter registerBeanInstance() @678 - Located managed bean 'environmentEndpoint': registering with JMX server as MBean [org.springframework.boot:type=Endpoint,name=environmentEndpoint]
2017.12.13 at 16:54:37 CST INFO  org.springframework.jmx.export.MBeanExporter registerBeanInstance() @678 - Located managed bean 'healthEndpoint': registering with JMX server as MBean [org.springframework.boot:type=Endpoint,name=healthEndpoint]
2017.12.13 at 16:54:37 CST INFO  org.springframework.jmx.export.MBeanExporter registerBeanInstance() @678 - Located managed bean 'beansEndpoint': registering with JMX server as MBean [org.springframework.boot:type=Endpoint,name=beansEndpoint]
2017.12.13 at 16:54:37 CST INFO  org.springframework.jmx.export.MBeanExporter registerBeanInstance() @678 - Located managed bean 'infoEndpoint': registering with JMX server as MBean [org.springframework.boot:type=Endpoint,name=infoEndpoint]
2017.12.13 at 16:54:37 CST INFO  org.springframework.jmx.export.MBeanExporter registerBeanInstance() @678 - Located managed bean 'metricsEndpoint': registering with JMX server as MBean [org.springframework.boot:type=Endpoint,name=metricsEndpoint]
2017.12.13 at 16:54:37 CST INFO  org.springframework.jmx.export.MBeanExporter registerBeanInstance() @678 - Located managed bean 'traceEndpoint': registering with JMX server as MBean [org.springframework.boot:type=Endpoint,name=traceEndpoint]
2017.12.13 at 16:54:37 CST INFO  org.springframework.jmx.export.MBeanExporter registerBeanInstance() @678 - Located managed bean 'dumpEndpoint': registering with JMX server as MBean [org.springframework.boot:type=Endpoint,name=dumpEndpoint]
2017.12.13 at 16:54:37 CST INFO  org.springframework.jmx.export.MBeanExporter registerBeanInstance() @678 - Located managed bean 'autoConfigurationReportEndpoint': registering with JMX server as MBean [org.springframework.boot:type=Endpoint,name=autoConfigurationReportEndpoint]
2017.12.13 at 16:54:37 CST INFO  org.springframework.jmx.export.MBeanExporter registerBeanInstance() @678 - Located managed bean 'configurationPropertiesReportEndpoint': registering with JMX server as MBean [org.springframework.boot:type=Endpoint,name=configurationPropertiesReportEndpoint]
2017.12.13 at 16:54:37 CST INFO  org.springframework.context.support.DefaultLifecycleProcessor$LifecycleGroup start() @341 - Starting beans in phase 2147483647
2017.12.13 at 16:54:37 CST INFO  springfox.documentation.spring.web.plugins.DocumentationPluginsBootstrapper start() @120 - Context refreshed
2017.12.13 at 16:54:37 CST INFO  springfox.documentation.spring.web.plugins.DocumentationPluginsBootstrapper start() @123 - Found 1 custom documentation plugin(s)
2017.12.13 at 16:54:37 CST INFO  springfox.documentation.spring.web.scanners.ApiListingReferenceScanner scan() @44 - Scanning for api listing references
2017.12.13 at 16:54:37 CST INFO  springfox.documentation.spring.web.readers.operation.CachingOperationNameGenerator startingWith() @40 - Generating unique operation named: invokeUsingGET_1
2017.12.13 at 16:54:37 CST INFO  springfox.documentation.spring.web.readers.operation.CachingOperationNameGenerator startingWith() @40 - Generating unique operation named: invokeUsingGET_2
2017.12.13 at 16:54:37 CST INFO  springfox.documentation.spring.web.readers.operation.CachingOperationNameGenerator startingWith() @40 - Generating unique operation named: invokeUsingGET_3
2017.12.13 at 16:54:37 CST INFO  springfox.documentation.spring.web.readers.operation.CachingOperationNameGenerator startingWith() @40 - Generating unique operation named: invokeUsingGET_4
2017.12.13 at 16:54:37 CST INFO  springfox.documentation.spring.web.readers.operation.CachingOperationNameGenerator startingWith() @40 - Generating unique operation named: invokeUsingGET_5
2017.12.13 at 16:54:37 CST INFO  springfox.documentation.spring.web.readers.operation.CachingOperationNameGenerator startingWith() @40 - Generating unique operation named: invokeUsingGET_6
2017.12.13 at 16:54:37 CST INFO  springfox.documentation.spring.web.readers.operation.CachingOperationNameGenerator startingWith() @40 - Generating unique operation named: invokeUsingGET_7
2017.12.13 at 16:54:37 CST INFO  springfox.documentation.spring.web.readers.operation.CachingOperationNameGenerator startingWith() @40 - Generating unique operation named: invokeUsingGET_8
2017.12.13 at 16:54:37 CST INFO  springfox.documentation.spring.web.readers.operation.CachingOperationNameGenerator startingWith() @40 - Generating unique operation named: invokeUsingGET_9
2017.12.13 at 16:54:37 CST INFO  springfox.documentation.spring.web.readers.operation.CachingOperationNameGenerator startingWith() @40 - Generating unique operation named: invokeUsingGET_10
2017.12.13 at 16:54:37 CST INFO  springfox.documentation.spring.web.readers.operation.CachingOperationNameGenerator startingWith() @40 - Generating unique operation named: invokeUsingGET_11
2017.12.13 at 16:54:37 CST INFO  springfox.documentation.spring.web.readers.operation.CachingOperationNameGenerator startingWith() @40 - Generating unique operation named: invokeUsingGET_12
2017.12.13 at 16:54:37 CST INFO  springfox.documentation.spring.web.readers.operation.CachingOperationNameGenerator startingWith() @40 - Generating unique operation named: invokeUsingGET_13
2017.12.13 at 16:54:37 CST INFO  springfox.documentation.spring.web.readers.operation.CachingOperationNameGenerator startingWith() @40 - Generating unique operation named: invokeUsingGET_14
2017.12.13 at 16:54:37 CST INFO  springfox.documentation.spring.web.readers.operation.CachingOperationNameGenerator startingWith() @40 - Generating unique operation named: invokeUsingGET_15
2017.12.13 at 16:54:37 CST INFO  springfox.documentation.spring.web.readers.operation.CachingOperationNameGenerator startingWith() @40 - Generating unique operation named: invokeUsingGET_16
2017.12.13 at 16:54:37 CST INFO  springfox.documentation.spring.web.readers.operation.CachingOperationNameGenerator startingWith() @40 - Generating unique operation named: invokeUsingGET_17
2017.12.13 at 16:54:37 CST INFO  springfox.documentation.spring.web.readers.operation.CachingOperationNameGenerator startingWith() @40 - Generating unique operation named: invokeUsingHEAD_1
2017.12.13 at 16:54:37 CST INFO  springfox.documentation.spring.web.readers.operation.CachingOperationNameGenerator startingWith() @40 - Generating unique operation named: invokeUsingPOST_1
2017.12.13 at 16:54:37 CST INFO  springfox.documentation.spring.web.readers.operation.CachingOperationNameGenerator startingWith() @40 - Generating unique operation named: invokeUsingPUT_1
2017.12.13 at 16:54:37 CST INFO  springfox.documentation.spring.web.readers.operation.CachingOperationNameGenerator startingWith() @40 - Generating unique operation named: invokeUsingPATCH_1
2017.12.13 at 16:54:37 CST INFO  springfox.documentation.spring.web.readers.operation.CachingOperationNameGenerator startingWith() @40 - Generating unique operation named: invokeUsingDELETE_1
2017.12.13 at 16:54:37 CST INFO  springfox.documentation.spring.web.readers.operation.CachingOperationNameGenerator startingWith() @40 - Generating unique operation named: invokeUsingOPTIONS_1
2017.12.13 at 16:54:37 CST INFO  springfox.documentation.spring.web.readers.operation.CachingOperationNameGenerator startingWith() @40 - Generating unique operation named: invokeUsingTRACE_1
2017.12.13 at 16:54:37 CST INFO  springfox.documentation.spring.web.readers.operation.CachingOperationNameGenerator startingWith() @40 - Generating unique operation named: invokeUsingGET_18
2017.12.13 at 16:54:37 CST INFO  springfox.documentation.spring.web.readers.operation.CachingOperationNameGenerator startingWith() @40 - Generating unique operation named: invokeUsingGET_19
2017.12.13 at 16:54:37 CST INFO  springfox.documentation.spring.web.readers.operation.CachingOperationNameGenerator startingWith() @40 - Generating unique operation named: invokeUsingGET_20
2017.12.13 at 16:54:37 CST INFO  springfox.documentation.spring.web.readers.operation.CachingOperationNameGenerator startingWith() @40 - Generating unique operation named: invokeUsingGET_21
2017.12.13 at 16:54:37 CST INFO  springfox.documentation.spring.web.readers.operation.CachingOperationNameGenerator startingWith() @40 - Generating unique operation named: valueUsingGET_1
2017.12.13 at 16:54:37 CST WARN  springfox.documentation.swagger.readers.operation.OperationImplicitParameterReader maybeGetModelRef() @88 - Coercing to be of type string. This may not even be a scalar type in actuality
2017.12.13 at 16:54:37 CST WARN  springfox.documentation.swagger.readers.operation.OperationImplicitParameterReader maybeGetModelRef() @88 - Coercing to be of type string. This may not even be a scalar type in actuality
2017.12.13 at 16:54:37 CST WARN  springfox.documentation.swagger.readers.operation.OperationImplicitParameterReader maybeGetModelRef() @88 - Coercing to be of type string. This may not even be a scalar type in actuality
2017.12.13 at 16:54:37 CST WARN  springfox.documentation.swagger.readers.operation.OperationImplicitParameterReader maybeGetModelRef() @88 - Coercing to be of type string. This may not even be a scalar type in actuality
2017.12.13 at 16:54:37 CST WARN  springfox.documentation.swagger.readers.operation.OperationImplicitParameterReader maybeGetModelRef() @88 - Coercing to be of type string. This may not even be a scalar type in actuality
2017.12.13 at 16:54:37 CST INFO  org.springframework.boot.context.embedded.undertow.UndertowEmbeddedServletContainer start() @214 - Undertow started on port(s) 9093 (http)
2017.12.13 at 16:54:37 CST INFO  org.springframework.boot.StartupInfoLogger logStarted() @57 - Started DroolsSpringbootApplication in 6.212 seconds (JVM running for 7.323)
2017.12.13 at 16:55:46 CST INFO  org.springframework.boot.admin.SpringApplicationAdminMXBeanRegistrar$SpringApplicationAdmin shutdown() @125 - Application shutdown requested.
2017.12.13 at 16:55:46 CST INFO  org.springframework.context.support.AbstractApplicationContext doClose() @987 - Closing org.springframework.boot.context.embedded.AnnotationConfigEmbeddedWebApplicationContext@72ade7e3: startup date [Wed Dec 13 16:54:31 CST 2017]; root of context hierarchy
2017.12.13 at 16:55:46 CST INFO  org.springframework.context.support.DefaultLifecycleProcessor$LifecycleGroup stop() @356 - Stopping beans in phase 2147483647
2017.12.13 at 16:55:46 CST INFO  org.springframework.context.support.DefaultLifecycleProcessor$LifecycleGroup stop() @356 - Stopping beans in phase 0
2017.12.13 at 16:55:46 CST INFO  org.springframework.jmx.export.MBeanExporter destroy() @449 - Unregistering JMX-exposed beans on shutdown
2017.12.13 at 16:55:46 CST INFO  org.springframework.jmx.support.MBeanRegistrationSupport unregisterBeans() @241 - Unregistering JMX-exposed beans
2017.12.13 at 16:55:46 CST INFO  org.springframework.jmx.export.MBeanExporter destroy() @449 - Unregistering JMX-exposed beans on shutdown
2017.12.13 at 16:55:46 CST INFO  org.springframework.jmx.support.MBeanRegistrationSupport unregisterBeans() @241 - Unregistering JMX-exposed beans
2017.12.13 at 16:55:46 CST INFO  com.alibaba.druid.support.logging.Log4j2Impl info() @106 - {dataSource-1} closed
